Arguments: 
  /Users/farisaziz/.nvm/versions/node/v14.0.0/bin/node /Users/farisaziz/.nvm/versions/node/v14.0.0/bin/yarn dev:server

PATH: 
  /Users/farisaziz/.nvm/versions/node/v14.0.0/bin:/opt/homebrew/bin:/opt/homebrew/sbin:/usr/local/bin:/usr/bin:/bin:/usr/sbin:/sbin:/usr/local/go/bin:/Library/Apple/usr/bin:/Users/farisaziz/.fig/bin

Yarn version: 
  1.22.10

Node version: 
  14.0.0

Platform: 
  darwin x64

Trace: 
  SyntaxError: /Users/farisaziz/Desktop/Projects/lightning-popcorn-tv/package.json: Unexpected token } in JSON at position 398
      at JSON.parse (<anonymous>)
      at /Users/farisaziz/.nvm/versions/node/v14.0.0/lib/node_modules/yarn/lib/cli.js:1625:59
      at Generator.next (<anonymous>)
      at step (/Users/farisaziz/.nvm/versions/node/v14.0.0/lib/node_modules/yarn/lib/cli.js:310:30)
      at /Users/farisaziz/.nvm/versions/node/v14.0.0/lib/node_modules/yarn/lib/cli.js:321:13

npm manifest: 
  {
    "name": "lightning-popcorn-tv",
    "version": "1.0.0",
    "description": "Get your popcorn and movies lightning fast",
    "repository": "git@github.com:farisaziz12/lightning-popcorn-tv.git",
    "author": "Faris Aziz <farisaziz12@gmail.com>",
    "license": "MIT",
    "private": true,
    "scripts": {
      "dev:server": "sh ./scripts/dev.sh --server",
      "dev:client": "sh ./scripts/dev.sh --client",
    }
  }

yarn manifest: 
  No manifest

Lockfile: 
  No lockfile
